<?xml version="1.0" encoding="UTF-8"?>
<testsuite xmlns:xsi="http://www.w3.org/2001/XMLSchema-instance" xsi:noNamespaceSchemaLocation="https://maven.apache.org/surefire/maven-surefire-plugin/xsd/surefire-test-report-3.0.xsd" version="3.0" name="PARK.ParkApplicationTests" time="6.448" tests="1" errors="0" skipped="0" failures="0">
  <properties>
[...]
</properties>
  <testcase name="contextLoads" classname="PARK.ParkApplicationTests" time="0.466">
    <system-out><![CDATA[17:19:22.713 [main] INFO org.springframework.test.context.support.AnnotationConfigContextLoaderUtils -- Could not detect default configuration classes for test class [PARK.ParkApplicationTests]: ParkApplicationTests does not declare any static, non-private, non-final, nested classes annotated with @Configuration.
17:19:22.837 [main] INFO org.springframework.boot.test.context.SpringBootTestContextBootstrapper -- Found @SpringBootConfiguration PARK.ParkApplication for test class PARK.ParkApplicationTests

  .   ____          _            __ _ _
 /\\ / ___'_ __ _ _(_)_ __  __ _ \ \ \ \
( ( )\___ | '_ | '_| | '_ \/ _` | \ \ \ \
 \\/  ___)| |_)| | | | | || (_| |  ) ) ) )
  '  |____| .__|_| |_|_| |_\__, | / / / /
 =========|_|==============|___/=/_/_/_/

 :: Spring Boot ::                (v3.3.2)

2024-07-27T17:19:23.284+03:00  INFO 4800 --- [PARK 2] [           main] PARK.ParkApplicationTests                : Starting ParkApplicationTests using Java 19.0.2 with PID 4800 (started by mozba in D:\Masaüstü\PARK 2)
2024-07-27T17:19:23.286+03:00  INFO 4800 --- [PARK 2] [           main] PARK.ParkApplicationTests                : No active profile set, falling back to 1 default profile: "default"
2024-07-27T17:19:24.190+03:00  INFO 4800 --- [PARK 2] [           main] .s.d.r.c.RepositoryConfigurationDelegate : Bootstrapping Spring Data JPA repositories in DEFAULT mode.
2024-07-27T17:19:24.283+03:00  INFO 4800 --- [PARK 2] [           main] .s.d.r.c.RepositoryConfigurationDelegate : Finished Spring Data repository scanning in 83 ms. Found 4 JPA repository interfaces.
2024-07-27T17:19:24.806+03:00  INFO 4800 --- [PARK 2] [           main] o.hibernate.jpa.internal.util.LogHelper  : HHH000204: Processing PersistenceUnitInfo [name: default]
2024-07-27T17:19:24.899+03:00  INFO 4800 --- [PARK 2] [           main] org.hibernate.Version                    : HHH000412: Hibernate ORM core version 6.5.2.Final
2024-07-27T17:19:24.933+03:00  INFO 4800 --- [PARK 2] [           main] o.h.c.internal.RegionFactoryInitiator    : HHH000026: Second-level cache disabled
2024-07-27T17:19:25.327+03:00  INFO 4800 --- [PARK 2] [           main] o.s.o.j.p.SpringPersistenceUnitInfo      : No LoadTimeWeaver setup: ignoring JPA class transformer
2024-07-27T17:19:25.359+03:00  INFO 4800 --- [PARK 2] [           main] com.zaxxer.hikari.HikariDataSource       : HikariPool-1 - Starting...
2024-07-27T17:19:25.579+03:00  INFO 4800 --- [PARK 2] [           main] com.zaxxer.hikari.pool.HikariPool        : HikariPool-1 - Added connection org.postgresql.jdbc.PgConnection@11148dc2
2024-07-27T17:19:25.581+03:00  INFO 4800 --- [PARK 2] [           main] com.zaxxer.hikari.HikariDataSource       : HikariPool-1 - Start completed.
2024-07-27T17:19:25.641+03:00  WARN 4800 --- [PARK 2] [           main] org.hibernate.orm.deprecation            : HHH90000025: PostgreSQLDialect does not need to be specified explicitly using 'hibernate.dialect' (remove the property setting and it will be selected by default)
2024-07-27T17:19:26.834+03:00  INFO 4800 --- [PARK 2] [           main] o.h.e.t.j.p.i.JtaPlatformInitiator       : HHH000489: No JTA platform available (set 'hibernate.transaction.jta.platform' to enable JTA platform integration)
2024-07-27T17:19:26.953+03:00  INFO 4800 --- [PARK 2] [           main] j.LocalContainerEntityManagerFactoryBean : Initialized JPA EntityManagerFactory for persistence unit 'default'
2024-07-27T17:19:27.582+03:00  WARN 4800 --- [PARK 2] [           main] JpaBaseConfiguration$JpaWebConfiguration : spring.jpa.open-in-view is enabled by default. Therefore, database queries may be performed during view rendering. Explicitly configure spring.jpa.open-in-view to disable this warning
2024-07-27T17:19:27.993+03:00  WARN 4800 --- [PARK 2] [           main] ion$DefaultTemplateResolverConfiguration : Cannot find template location: classpath:/templates/ (please add some templates, check your Thymeleaf configuration, or set spring.thymeleaf.check-template-location=false)
2024-07-27T17:19:28.107+03:00  INFO 4800 --- [PARK 2] [           main] PARK.ParkApplicationTests                : Started ParkApplicationTests in 5.109 seconds (process running for 6.236)
]]></system-out>
  </testcase>
</testsuite>